<?xml version="1.0" encoding="UTF-8"?>
<testng-results ignored="0" total="1" passed="1" failed="0" skipped="0">
  <reporter-output>
  </reporter-output>
  <suite started-at="2024-03-05T06:57:41 EET" name="Default suite" finished-at="2024-03-05T06:57:41 EET" duration-ms="45">
    <groups>
    </groups>
    <test started-at="2024-03-05T06:57:41 EET" name="Default test" finished-at="2024-03-05T06:57:41 EET" duration-ms="45">
      <class name="JavaClassPackage.JavaClass">
        <test-method is-config="true" signature="MyBeforeTest()[pri:0, instance:JavaClassPackage.JavaClass@1d9b7cce]" started-at="2024-03-05T06:57:41 EET" name="MyBeforeTest" finished-at="2024-03-05T06:57:41 EET" duration-ms="6" status="PASS">
          <reporter-output>
          </reporter-output>
        </test-method> <!-- MyBeforeTest -->
        <test-method signature="MyTest()[pri:0, instance:JavaClassPackage.JavaClass@1d9b7cce]" started-at="2024-03-05T06:57:41 EET" name="MyTest" finished-at="2024-03-05T06:57:41 EET" duration-ms="5" status="PASS">
          <reporter-output>
          </reporter-output>
        </test-method> <!-- MyTest -->
      </class> <!-- JavaClassPackage.JavaClass -->
    </test> <!-- Default test -->
  </suite> <!-- Default suite -->
</testng-results>
